	Number of selenoproteins in downloaded SwissProt data: 254
	254 selenoproteins removed from sprot.fasta.
Downloading SwissProt sequences to sprot.fasta.tar.gz.
Downloading selenoprotein sequences to sec.fasta.
	Number of selenoproteins in downloaded SwissProt data: 254
	254 selenoproteins removed from sprot.fasta.
Truncating selenoproteins in sec.fasta.
	Average number of selenocysteines per protein: 1.0526121761112281
	Mean length of truncation: 354.84284811459867
	Largest truncation: 1424
	Smallest truncation: 1
Dividing data into training, testing, and validation sets.
Truncating selenoproteins in sec.fasta.
	Average number of selenocysteines per protein: 1.0526121761112281
	Mean length of truncation: 354.84284811459867
	Largest truncation: 1424
	Smallest truncation: 1
Dividing data into training, testing, and validation sets.
Truncating selenoproteins in sec.fasta.
	Average number of selenocysteines per protein: 1.0526121761112281
	Mean length of truncation: 354.84284811459867
	Largest truncation: 1424
	Smallest truncation: 1
Dividing data into training, testing, and validation sets.
Truncating selenoproteins in sec.fasta.
	Average number of selenocysteines per protein: 1.0526121761112281
	Mean length of truncation: 354.84284811459867
	Largest truncation: 1424
	Smallest truncation: 1
Running CD-HIT on sequences in uniprot.fasta.
CD-HIT run completed in 148.07 seconds.
Truncating selenoproteins in sec.fasta.
	Average number of selenocysteines per protein: 1.0526121761112281
	Mean length of truncation: 354.84284811459867
	Largest truncation: 1424
	Smallest truncation: 1
Running CD-HIT on sequences in uniprot.fasta.
