build: Processing data for group "full-length"...
clean: Removed 551935 proteins with lengths out of the range 10 to 1000.
clean: Removed 219385 non-bacterial proteins from the DataFrame. 332550 sequences remaining.
clean: Removed 1479 fragment proteins from the DataFrame. 331071 sequences remaining.
Clusterer.dereplicate: Dereplication of clusters with 0.95 similarity eliminated 142475 sequences from 2c_0. 188596 sequences remaining.
Clusterer.cleanup: Removing output file at ../data/2c_0.derep_rep_seq.fasta
Clusterer.cleanup: Removing output file at ../data/2c_0.derep_all_seqs.fasta
Clusterer.cleanup: Removing output file at ../data/2c_0.fa
truncate_sec: Truncating selenoproteins...: 100%|█████████████████████████████████████████████| 19901/19901 [00:00<00:00, 208902.20it/s]
build: Processing data for group "truncated selenoprotein"...
clean: Removed 19383 proteins with lengths out of the range 10 to 1000.
clean: Removed 3178 non-bacterial proteins from the DataFrame. 16205 sequences remaining.
clean: Removed 923 fragment proteins from the DataFrame. 15282 sequences remaining.
Clusterer.dereplicate: Dereplication of clusters with 0.95 similarity eliminated 4847 sequences from 2c_1. 10435 sequences remaining.
Clusterer.cleanup: Removing output file at ../data/2c_1.derep_rep_seq.fasta
Clusterer.cleanup: Removing output file at ../data/2c_1.derep_all_seqs.fasta
Clusterer.cleanup: Removing output file at ../data/2c_1.fa
Clusterer.dereplicate: Dereplication of clusters with 0.95 similarity eliminated 36 sequences from 2c_all. 198995 sequences remaining.
Clusterer.cleanup: Removing output file at ../data/2c_all.derep_rep_seq.fasta
Clusterer.cleanup: Removing output file at ../data/2c_all.derep_all_seqs.fasta
Clusterer.cleanup: Removing output file at ../data/2c_all.fa
Clusterer.cleanup: Removing output file at ../data/2c_all.cluster_rep_seq.fasta
Clusterer.cleanup: Removing output file at ../data/2c_all.cluster_all_seqs.fasta
Clusterer.cleanup: Removing output file at ../data/2c_all.fa
Metadata written to ../data/2c_metadata_train.csv
Metadata written to ../data/2c_metadata_test.csv
Metadata written to ../data/2c_metadata_val.csv