build: Processing data for group "full-length"...
clean: Removed 374595 proteins with lengths out of the range 200 to 1000.
clean: Removed 152707 non-bacterial proteins from the DataFrame. 221888 sequences remaining.
clean: Removed 466 fragment proteins from the DataFrame. 221422 sequences remaining.
Clusterer.dereplicate: Dereplication of clusters with 0.95 similarity eliminated 91631 sequences from 3c_0. 129791 sequences remaining.
Clusterer.cleanup: Removing output file at ../data/3c_0.derep_rep_seq.fasta
Clusterer.cleanup: Removing output file at ../data/3c_0.derep_all_seqs.fasta
Clusterer.cleanup: Removing output file at ../data/3c_0.fa
truncate_sec: Truncating selenoproteins...: 100%|█████████████████████████████████████████████| 19901/19901 [00:00<00:00, 332631.35it/s]
build: Processing data for group "truncated selenoprotein"...
clean: Removed 19383 proteins with lengths out of the range 10 to 1000.
clean: Removed 3178 non-bacterial proteins from the DataFrame. 16205 sequences remaining.
clean: Removed 923 fragment proteins from the DataFrame. 15282 sequences remaining.
Clusterer.dereplicate: Dereplication of clusters with 0.95 similarity eliminated 4847 sequences from 3c_1. 10435 sequences remaining.
Clusterer.cleanup: Removing output file at ../data/3c_1.derep_rep_seq.fasta
Clusterer.cleanup: Removing output file at ../data/3c_1.derep_all_seqs.fasta
Clusterer.cleanup: Removing output file at ../data/3c_1.fa
build: Processing data for group "short full-length"...
clean: Removed 177340 proteins with lengths out of the range 10 to 200.
clean: Removed 66678 non-bacterial proteins from the DataFrame. 110662 sequences remaining.
clean: Removed 1013 fragment proteins from the DataFrame. 109649 sequences remaining.
Clusterer.dereplicate: Dereplication of clusters with 0.95 similarity eliminated 50809 sequences from 3c_2. 58840 sequences remaining.
Clusterer.cleanup: Removing output file at ../data/3c_2.derep_rep_seq.fasta
Clusterer.cleanup: Removing output file at ../data/3c_2.derep_all_seqs.fasta
Clusterer.cleanup: Removing output file at ../data/3c_2.fa
Clusterer.dereplicate: Dereplication of clusters with 0.95 similarity eliminated 67 sequences from 3c_all. 198999 sequences remaining.
Clusterer.cleanup: Removing output file at ../data/3c_all.derep_rep_seq.fasta
Clusterer.cleanup: Removing output file at ../data/3c_all.derep_all_seqs.fasta
Clusterer.cleanup: Removing output file at ../data/3c_all.fa
Clusterer.cleanup: Removing output file at ../data/3c_all.cluster_rep_seq.fasta
Clusterer.cleanup: Removing output file at ../data/3c_all.cluster_all_seqs.fasta
Clusterer.cleanup: Removing output file at ../data/3c_all.fa
Metadata written to ../data/3c_metadata_train.csv
Metadata written to ../data/3c_metadata_test.csv
Metadata written to ../data/3c_metadata_val.csv